-------------------------------------------------------------------------------
Test set: dev.itboot.mb.SpringMybatisApplicationTests
-------------------------------------------------------------------------------
Tests run: 1, Failures: 0, Errors: 1, Skipped: 0, Time elapsed: 4.672 s <<< FAILURE! - in dev.itboot.mb.SpringMybatisApplicationTests
contextLoads  Time elapsed: 0.006 s  <<< ERROR!
java.lang.IllegalStateException: Failed to load ApplicationContext
Caused by: org.springframework.beans.factory.UnsatisfiedDependencyException: 
Error creating bean with name 'staffController' defined in file [/Users/noikeda/Documents/案件準備/spring-boot-adv-2.4/spring-mybatis-crud/target/classes/dev/itboot/mb/controller/StaffController.class]: Unsatisfied dependency expressed through constructor parameter 0; nested exception is org.springframework.beans.factory.UnsatisfiedDependencyException: Error creating bean with name 'staffService' defined in file [/Users/noikeda/Documents/案件準備/spring-boot-adv-2.4/spring-mybatis-crud/target/classes/dev/itboot/mb/service/StaffService.class]: Unsatisfied dependency expressed through constructor parameter 0; nested exception is org.springframework.beans.factory.UnsatisfiedDependencyException: Error creating bean with name 'staffMapper' defined in file [/Users/noikeda/Documents/案件準備/spring-boot-adv-2.4/spring-mybatis-crud/target/classes/dev/itboot/mb/mapper/StaffMapper.class]: Unsatisfied dependency expressed through bean property 'sqlSessionFactory'; nested exception is org.springframework.beans.factory.UnsatisfiedDependencyException: Error creating bean with name 'sqlSessionFactory' defined in class path resource [org/mybatis/spring/boot/autoconfigure/MybatisAutoConfiguration.class]: Unsatisfied dependency expressed through method 'sqlSessionFactory' parameter 0; nested exception is org.springframework.beans.factory.BeanCreationException: Error creating bean with name 'dataSource' defined in class path resource [org/springframework/boot/autoconfigure/jdbc/DataSourceConfiguration$Hikari.class]: Initialization of bean failed; nested exception is org.springframework.beans.factory.BeanCreationException: Error creating bean with name 'org.springframework.boot.autoconfigure.jdbc.DataSourceInitializerInvoker': Invocation of init method failed; nested exception is org.springframework.jdbc.datasource.init.ScriptStatementFailedException: Failed to execute SQL script statement #1 of URL [file:/Users/noikeda/Documents/%E6%A1%88%E4%BB%B6%E6%BA%96%E5%82%99/spring-boot-adv-2.4/spring-mybatis-crud/target/classes/data.sql]: INSERT INTO staff(name, email, 't', 'sysdate') VALUES('中池', 'nakaike@example.com'); nested exception is org.h2.jdbc.JdbcSQLSyntaxErrorException: SQLステートメントに文法エラーがあります "INSERT INTO STAFF(NAME, EMAIL, 't'[*], 'sysdate') VALUES('中池', 'nakaike@example.com')"; 期待されるステートメント "identifier"
Syntax error in SQL statement "INSERT INTO STAFF(NAME, EMAIL, 't'[*], 'sysdate') VALUES('中池', 'nakaike@example.com')"; expected "identifier"; SQL statement:
INSERT INTO staff(name, email, 't', 'sysdate') VALUES('中池', 'nakaike@example.com') [42001-200]
Caused by: org.springframework.beans.factory.UnsatisfiedDependencyException: 
Error creating bean with name 'staffService' defined in file [/Users/noikeda/Documents/案件準備/spring-boot-adv-2.4/spring-mybatis-crud/target/classes/dev/itboot/mb/service/StaffService.class]: Unsatisfied dependency expressed through constructor parameter 0; nested exception is org.springframework.beans.factory.UnsatisfiedDependencyException: Error creating bean with name 'staffMapper' defined in file [/Users/noikeda/Documents/案件準備/spring-boot-adv-2.4/spring-mybatis-crud/target/classes/dev/itboot/mb/mapper/StaffMapper.class]: Unsatisfied dependency expressed through bean property 'sqlSessionFactory'; nested exception is org.springframework.beans.factory.UnsatisfiedDependencyException: Error creating bean with name 'sqlSessionFactory' defined in class path resource [org/mybatis/spring/boot/autoconfigure/MybatisAutoConfiguration.class]: Unsatisfied dependency expressed through method 'sqlSessionFactory' parameter 0; nested exception is org.springframework.beans.factory.BeanCreationException: Error creating bean with name 'dataSource' defined in class path resource [org/springframework/boot/autoconfigure/jdbc/DataSourceConfiguration$Hikari.class]: Initialization of bean failed; nested exception is org.springframework.beans.factory.BeanCreationException: Error creating bean with name 'org.springframework.boot.autoconfigure.jdbc.DataSourceInitializerInvoker': Invocation of init method failed; nested exception is org.springframework.jdbc.datasource.init.ScriptStatementFailedException: Failed to execute SQL script statement #1 of URL [file:/Users/noikeda/Documents/%E6%A1%88%E4%BB%B6%E6%BA%96%E5%82%99/spring-boot-adv-2.4/spring-mybatis-crud/target/classes/data.sql]: INSERT INTO staff(name, email, 't', 'sysdate') VALUES('中池', 'nakaike@example.com'); nested exception is org.h2.jdbc.JdbcSQLSyntaxErrorException: SQLステートメントに文法エラーがあります "INSERT INTO STAFF(NAME, EMAIL, 't'[*], 'sysdate') VALUES('中池', 'nakaike@example.com')"; 期待されるステートメント "identifier"
Syntax error in SQL statement "INSERT INTO STAFF(NAME, EMAIL, 't'[*], 'sysdate') VALUES('中池', 'nakaike@example.com')"; expected "identifier"; SQL statement:
INSERT INTO staff(name, email, 't', 'sysdate') VALUES('中池', 'nakaike@example.com') [42001-200]
Caused by: org.springframework.beans.factory.UnsatisfiedDependencyException: 
Error creating bean with name 'staffMapper' defined in file [/Users/noikeda/Documents/案件準備/spring-boot-adv-2.4/spring-mybatis-crud/target/classes/dev/itboot/mb/mapper/StaffMapper.class]: Unsatisfied dependency expressed through bean property 'sqlSessionFactory'; nested exception is org.springframework.beans.factory.UnsatisfiedDependencyException: Error creating bean with name 'sqlSessionFactory' defined in class path resource [org/mybatis/spring/boot/autoconfigure/MybatisAutoConfiguration.class]: Unsatisfied dependency expressed through method 'sqlSessionFactory' parameter 0; nested exception is org.springframework.beans.factory.BeanCreationException: Error creating bean with name 'dataSource' defined in class path resource [org/springframework/boot/autoconfigure/jdbc/DataSourceConfiguration$Hikari.class]: Initialization of bean failed; nested exception is org.springframework.beans.factory.BeanCreationException: Error creating bean with name 'org.springframework.boot.autoconfigure.jdbc.DataSourceInitializerInvoker': Invocation of init method failed; nested exception is org.springframework.jdbc.datasource.init.ScriptStatementFailedException: Failed to execute SQL script statement #1 of URL [file:/Users/noikeda/Documents/%E6%A1%88%E4%BB%B6%E6%BA%96%E5%82%99/spring-boot-adv-2.4/spring-mybatis-crud/target/classes/data.sql]: INSERT INTO staff(name, email, 't', 'sysdate') VALUES('中池', 'nakaike@example.com'); nested exception is org.h2.jdbc.JdbcSQLSyntaxErrorException: SQLステートメントに文法エラーがあります "INSERT INTO STAFF(NAME, EMAIL, 't'[*], 'sysdate') VALUES('中池', 'nakaike@example.com')"; 期待されるステートメント "identifier"
Syntax error in SQL statement "INSERT INTO STAFF(NAME, EMAIL, 't'[*], 'sysdate') VALUES('中池', 'nakaike@example.com')"; expected "identifier"; SQL statement:
INSERT INTO staff(name, email, 't', 'sysdate') VALUES('中池', 'nakaike@example.com') [42001-200]
Caused by: org.springframework.beans.factory.UnsatisfiedDependencyException: 
Error creating bean with name 'sqlSessionFactory' defined in class path resource [org/mybatis/spring/boot/autoconfigure/MybatisAutoConfiguration.class]: Unsatisfied dependency expressed through method 'sqlSessionFactory' parameter 0; nested exception is org.springframework.beans.factory.BeanCreationException: Error creating bean with name 'dataSource' defined in class path resource [org/springframework/boot/autoconfigure/jdbc/DataSourceConfiguration$Hikari.class]: Initialization of bean failed; nested exception is org.springframework.beans.factory.BeanCreationException: Error creating bean with name 'org.springframework.boot.autoconfigure.jdbc.DataSourceInitializerInvoker': Invocation of init method failed; nested exception is org.springframework.jdbc.datasource.init.ScriptStatementFailedException: Failed to execute SQL script statement #1 of URL [file:/Users/noikeda/Documents/%E6%A1%88%E4%BB%B6%E6%BA%96%E5%82%99/spring-boot-adv-2.4/spring-mybatis-crud/target/classes/data.sql]: INSERT INTO staff(name, email, 't', 'sysdate') VALUES('中池', 'nakaike@example.com'); nested exception is org.h2.jdbc.JdbcSQLSyntaxErrorException: SQLステートメントに文法エラーがあります "INSERT INTO STAFF(NAME, EMAIL, 't'[*], 'sysdate') VALUES('中池', 'nakaike@example.com')"; 期待されるステートメント "identifier"
Syntax error in SQL statement "INSERT INTO STAFF(NAME, EMAIL, 't'[*], 'sysdate') VALUES('中池', 'nakaike@example.com')"; expected "identifier"; SQL statement:
INSERT INTO staff(name, email, 't', 'sysdate') VALUES('中池', 'nakaike@example.com') [42001-200]
Caused by: org.springframework.beans.factory.BeanCreationException: 
Error creating bean with name 'dataSource' defined in class path resource [org/springframework/boot/autoconfigure/jdbc/DataSourceConfiguration$Hikari.class]: Initialization of bean failed; nested exception is org.springframework.beans.factory.BeanCreationException: Error creating bean with name 'org.springframework.boot.autoconfigure.jdbc.DataSourceInitializerInvoker': Invocation of init method failed; nested exception is org.springframework.jdbc.datasource.init.ScriptStatementFailedException: Failed to execute SQL script statement #1 of URL [file:/Users/noikeda/Documents/%E6%A1%88%E4%BB%B6%E6%BA%96%E5%82%99/spring-boot-adv-2.4/spring-mybatis-crud/target/classes/data.sql]: INSERT INTO staff(name, email, 't', 'sysdate') VALUES('中池', 'nakaike@example.com'); nested exception is org.h2.jdbc.JdbcSQLSyntaxErrorException: SQLステートメントに文法エラーがあります "INSERT INTO STAFF(NAME, EMAIL, 't'[*], 'sysdate') VALUES('中池', 'nakaike@example.com')"; 期待されるステートメント "identifier"
Syntax error in SQL statement "INSERT INTO STAFF(NAME, EMAIL, 't'[*], 'sysdate') VALUES('中池', 'nakaike@example.com')"; expected "identifier"; SQL statement:
INSERT INTO staff(name, email, 't', 'sysdate') VALUES('中池', 'nakaike@example.com') [42001-200]
Caused by: org.springframework.beans.factory.BeanCreationException: 
Error creating bean with name 'org.springframework.boot.autoconfigure.jdbc.DataSourceInitializerInvoker': Invocation of init method failed; nested exception is org.springframework.jdbc.datasource.init.ScriptStatementFailedException: Failed to execute SQL script statement #1 of URL [file:/Users/noikeda/Documents/%E6%A1%88%E4%BB%B6%E6%BA%96%E5%82%99/spring-boot-adv-2.4/spring-mybatis-crud/target/classes/data.sql]: INSERT INTO staff(name, email, 't', 'sysdate') VALUES('中池', 'nakaike@example.com'); nested exception is org.h2.jdbc.JdbcSQLSyntaxErrorException: SQLステートメントに文法エラーがあります "INSERT INTO STAFF(NAME, EMAIL, 't'[*], 'sysdate') VALUES('中池', 'nakaike@example.com')"; 期待されるステートメント "identifier"
Syntax error in SQL statement "INSERT INTO STAFF(NAME, EMAIL, 't'[*], 'sysdate') VALUES('中池', 'nakaike@example.com')"; expected "identifier"; SQL statement:
INSERT INTO staff(name, email, 't', 'sysdate') VALUES('中池', 'nakaike@example.com') [42001-200]
Caused by: org.springframework.jdbc.datasource.init.ScriptStatementFailedException: 
Failed to execute SQL script statement #1 of URL [file:/Users/noikeda/Documents/%E6%A1%88%E4%BB%B6%E6%BA%96%E5%82%99/spring-boot-adv-2.4/spring-mybatis-crud/target/classes/data.sql]: INSERT INTO staff(name, email, 't', 'sysdate') VALUES('中池', 'nakaike@example.com'); nested exception is org.h2.jdbc.JdbcSQLSyntaxErrorException: SQLステートメントに文法エラーがあります "INSERT INTO STAFF(NAME, EMAIL, 't'[*], 'sysdate') VALUES('中池', 'nakaike@example.com')"; 期待されるステートメント "identifier"
Syntax error in SQL statement "INSERT INTO STAFF(NAME, EMAIL, 't'[*], 'sysdate') VALUES('中池', 'nakaike@example.com')"; expected "identifier"; SQL statement:
INSERT INTO staff(name, email, 't', 'sysdate') VALUES('中池', 'nakaike@example.com') [42001-200]
Caused by: org.h2.jdbc.JdbcSQLSyntaxErrorException: 
SQLステートメントに文法エラーがあります "INSERT INTO STAFF(NAME, EMAIL, 't'[*], 'sysdate') VALUES('中池', 'nakaike@example.com')"; 期待されるステートメント "identifier"
Syntax error in SQL statement "INSERT INTO STAFF(NAME, EMAIL, 't'[*], 'sysdate') VALUES('中池', 'nakaike@example.com')"; expected "identifier"; SQL statement:
INSERT INTO staff(name, email, 't', 'sysdate') VALUES('中池', 'nakaike@example.com') [42001-200]

